<?xml version="1.0" encoding="UTF-8" ?>
<testsuite tests="7" failures="0" name="runner.TestRunner" time="109.247" errors="0" skipped="0">
  <properties>
[...]
</properties>
  <testcase classname="Test login functionalities" name="Check login is successful with valid credentials" time="17.798"/>
  <testcase classname="Test login functionalities" name="Check login is unsuccessful with invalid credentials" time="13.275"/>
  <testcase classname="Test login functionalities" name="Check login is successful with valid credentials for multiple users #1" time="15.002"/>
  <testcase classname="Test login functionalities" name="Check login is successful with valid credentials for multiple users #2" time="15.45"/>
  <testcase classname="Test login functionalities" name="Check login is successful with valid credentials for multiple users #3" time="16.411"/>
  <testcase classname="Test login functionalities" name="Check login is successful using data table" time="13.337"/>
  <testcase classname="Mortgage Calculator" name="Calculate Real APR rete" time="17.974"/>
</testsuite>